Reading package lists...
Building dependency tree...
Reading state information...
Reading package lists...
Building dependency tree...
Reading state information...
Reading package lists...
Building dependency tree...
Reading state information...
Reading package lists...
Building dependency tree...
Reading state information...
The following packages were automatically installed and are no longer required:
  liblttng-ust-common1 liblttng-ust-ctl5 liblttng-ust1
Use 'sudo apt autoremove' to remove them.
The following NEW packages will be installed:
  htop
0 upgraded, 1 newly installed, 0 to remove and 8 not upgraded.
Need to get 128 kB of archives.
After this operation, 342 kB of additional disk space will be used.
Get:1 http://br.archive.ubuntu.com/ubuntu jammy/main amd64 htop amd64 3.0.5-7build2 [128 kB]
Fetched 128 kB in 0s (920 kB/s)
Selecting previously unselected package htop.
(Reading database ... 
(Reading database ... 5%
(Reading database ... 10%
(Reading database ... 15%
(Reading database ... 20%
(Reading database ... 25%
(Reading database ... 30%
(Reading database ... 35%
(Reading database ... 40%
(Reading database ... 45%
(Reading database ... 50%
(Reading database ... 55%
(Reading database ... 60%
(Reading database ... 65%
(Reading database ... 70%
(Reading database ... 75%
(Reading database ... 80%
(Reading database ... 85%
(Reading database ... 90%
(Reading database ... 95%
(Reading database ... 100%
(Reading database ... 387739 files and directories currently installed.)
Preparing to unpack .../htop_3.0.5-7build2_amd64.deb ...
Unpacking htop (3.0.5-7build2) ...
Setting up htop (3.0.5-7build2) ...
Processing triggers for mailcap (3.70+nmu1ubuntu1) ...
Processing triggers for desktop-file-utils (0.26-1ubuntu3) ...
Processing triggers for hicolor-icon-theme (0.17-2) ...
Processing triggers for gnome-menus (3.36.0-1ubuntu3) ...
Processing triggers for man-db (2.10.2-1) ...
Reading package lists...
Building dependency tree...
Reading state information...
htop is already the newest version (3.0.5-7build2).
The following packages were automatically installed and are no longer required:
  liblttng-ust-common1 liblttng-ust-ctl5 liblttng-ust1
Use 'sudo apt autoremove' to remove them.
0 upgraded, 0 newly installed, 0 to remove and 8 not upgraded.
