Jun  9 16:06:35 bruno-Aspire-A315-42G gdm-password]: gkr-pam: unable to locate daemon control file
Jun  9 16:06:35 bruno-Aspire-A315-42G gdm-password]: gkr-pam: stashed password to try later in open session
Jun  9 16:06:35 bruno-Aspire-A315-42G gdm-password]: pam_unix(gdm-password:session): session opened for user bruno(uid=1000) by (uid=0)
Jun  9 16:06:35 bruno-Aspire-A315-42G systemd-logind[1010]: New session 12 of user bruno.
Jun  9 16:06:35 bruno-Aspire-A315-42G systemd: pam_unix(systemd-user:session): session opened for user bruno(uid=1000) by (uid=0)
Jun  9 16:06:36 bruno-Aspire-A315-42G gdm-password]: gkr-pam: gnome-keyring-daemon started properly and unlocked keyring
Jun  9 16:06:43 bruno-Aspire-A315-42G gnome-keyring-daemon[7707]: The Secret Service was already initialized
Jun  9 16:06:43 bruno-Aspire-A315-42G gnome-keyring-daemon[7707]: The PKCS#11 component was already initialized
Jun  9 16:06:43 bruno-Aspire-A315-42G gnome-keyring-daemon[7707]: The SSH agent was already initialized
Jun  9 16:06:46 bruno-Aspire-A315-42G polkitd(authority=local): Registered Authentication Agent for unix-session:12 (system bus name :1.98 [/usr/bin/gnome-shell], object path /org/freedesktop/PolicyKit1/AuthenticationAgent, locale en_US.UTF-8)
Jun  9 16:07:02 bruno-Aspire-A315-42G polkitd(authority=local): Unregistered Authentication Agent for unix-session:c1 (system bus name :1.49, object path /org/freedesktop/PolicyKit1/AuthenticationAgent, locale en_US.UTF-8) (disconnected from bus)
Jun  9 16:07:02 bruno-Aspire-A315-42G gdm-launch-environment]: pam_unix(gdm-launch-environment:session): session closed for user gdm
Jun  9 16:07:02 bruno-Aspire-A315-42G systemd-logind[1010]: Session c1 logged out. Waiting for processes to exit.
Jun  9 16:07:02 bruno-Aspire-A315-42G systemd-logind[1010]: Removed session c1.
Jun  9 16:07:20 bruno-Aspire-A315-42G smbd: pam_unix(samba:session): session closed for user nobody
Jun  9 16:07:40 bruno-Aspire-A315-42G PackageKit: uid 1000 is trying to obtain org.freedesktop.packagekit.system-sources-refresh auth (only_trusted:0)
Jun  9 16:07:40 bruno-Aspire-A315-42G PackageKit: uid 1000 obtained auth for org.freedesktop.packagekit.system-sources-refresh
Jun  9 16:08:41 bruno-Aspire-A315-42G pkexec: pam_unix(polkit-1:session): session opened for user root(uid=0) by (uid=1000)
Jun  9 16:08:41 bruno-Aspire-A315-42G pkexec[10193]: bruno: Executing command [USER=root] [TTY=unknown] [CWD=/home/bruno] [COMMAND=/usr/lib/update-notifier/package-system-locked]
Jun  9 16:17:01 bruno-Aspire-A315-42G CRON[11107]: pam_unix(cron:session): session opened for user root(uid=0) by (uid=0)
Jun  9 16:17:01 bruno-Aspire-A315-42G CRON[11107]: pam_unix(cron:session): session closed for user root
Jun  9 16:30:01 bruno-Aspire-A315-42G CRON[11888]: pam_unix(cron:session): session opened for user root(uid=0) by (uid=0)
Jun  9 16:30:01 bruno-Aspire-A315-42G CRON[11888]: pam_unix(cron:session): session closed for user root
Jun  9 16:58:06 bruno-Aspire-A315-42G sudo:    bruno : TTY=pts/0 ; PWD=/home/bruno/Documents/Git/learning/not python/C-C#-C++/C/ordenação ; USER=root ; COMMAND=/usr/sbin/dkms remove rtl8188fu/1.0 --all
Jun  9 16:58:06 bruno-Aspire-A315-42G sudo: pam_unix(sudo:session): session opened for user root(uid=0) by (uid=1000)
Jun  9 16:59:10 bruno-Aspire-A315-42G sudo: pam_unix(sudo:session): session closed for user root
Jun  9 16:59:50 bruno-Aspire-A315-42G sudo:    bruno : TTY=pts/0 ; PWD=/home/bruno/Documents/Git/learning/not python/C-C#-C++/C/ordenação ; USER=root ; COMMAND=/usr/bin/rm -f /lib/firmware/rtlwifi/rtl8188fufw.bin
Jun  9 16:59:50 bruno-Aspire-A315-42G sudo: pam_unix(sudo:session): session opened for user root(uid=0) by (uid=1000)
Jun  9 16:59:50 bruno-Aspire-A315-42G sudo: pam_unix(sudo:session): session closed for user root
Jun  9 16:59:59 bruno-Aspire-A315-42G sudo:    bruno : TTY=pts/0 ; PWD=/home/bruno/Documents/Git/learning/not python/C-C#-C++/C/ordenação ; USER=root ; COMMAND=/usr/bin/rm -f /etc/modprobe.d/rtl8188fu.conf
Jun  9 16:59:59 bruno-Aspire-A315-42G sudo: pam_unix(sudo:session): session opened for user root(uid=0) by (uid=1000)
Jun  9 16:59:59 bruno-Aspire-A315-42G sudo: pam_unix(sudo:session): session closed for user root
Jun  9 17:17:01 bruno-Aspire-A315-42G CRON[16171]: pam_unix(cron:session): session opened for user root(uid=0) by (uid=0)
Jun  9 17:17:01 bruno-Aspire-A315-42G CRON[16171]: pam_unix(cron:session): session closed for user root
Jun  9 17:28:02 bruno-Aspire-A315-42G gdm-password]: gkr-pam: unlocked login keyring
Jun  9 17:30:01 bruno-Aspire-A315-42G CRON[16510]: pam_unix(cron:session): session opened for user root(uid=0) by (uid=0)
Jun  9 17:30:01 bruno-Aspire-A315-42G CRON[16510]: pam_unix(cron:session): session closed for user root
Jun  9 17:38:36 bruno-Aspire-A315-42G gdm-password]: gkr-pam: unlocked login keyring
Jun  9 18:17:01 bruno-Aspire-A315-42G CRON[18897]: pam_unix(cron:session): session opened for user root(uid=0) by (uid=0)
Jun  9 18:17:01 bruno-Aspire-A315-42G CRON[18897]: pam_unix(cron:session): session closed for user root
Jun  9 18:18:27 bruno-Aspire-A315-42G gdm-password]: gkr-pam: unlocked login keyring
Jun  9 18:22:12 bruno-Aspire-A315-42G smbd: pam_unix(samba:session): session closed for user nobody
Jun  9 18:30:01 bruno-Aspire-A315-42G CRON[19417]: pam_unix(cron:session): session opened for user root(uid=0) by (uid=0)
Jun  9 18:30:01 bruno-Aspire-A315-42G CRON[19417]: pam_unix(cron:session): session closed for user root
Jun  9 19:17:02 bruno-Aspire-A315-42G CRON[20903]: pam_unix(cron:session): session opened for user root(uid=0) by (uid=0)
Jun  9 19:17:02 bruno-Aspire-A315-42G CRON[20903]: pam_unix(cron:session): session closed for user root
Jun  9 19:30:01 bruno-Aspire-A315-42G CRON[21164]: pam_unix(cron:session): session opened for user root(uid=0) by (uid=0)
Jun  9 19:30:01 bruno-Aspire-A315-42G CRON[21164]: pam_unix(cron:session): session closed for user root
Jun  9 20:17:01 bruno-Aspire-A315-42G CRON[22608]: pam_unix(cron:session): session opened for user root(uid=0) by (uid=0)
Jun  9 20:17:01 bruno-Aspire-A315-42G CRON[22608]: pam_unix(cron:session): session closed for user root
Jun 10 01:08:33 bruno-Aspire-A315-42G systemd-logind[1010]: Watching system buttons on /dev/input/event10 (USB OPTICAL MOUSE  Keyboard)
Jun 10 01:08:33 bruno-Aspire-A315-42G systemd-logind[1010]: Watching system buttons on /dev/input/event11 (Lenovo Lenovo Traditional USB Keyboard)
Jun 10 01:08:33 bruno-Aspire-A315-42G systemd-logind[1010]: Operation 'sleep' finished.
Jun 10 04:09:44 bruno-Aspire-A315-42G gdm-password]: gkr-pam: unlocked login keyring
Jun 10 04:13:51 bruno-Aspire-A315-42G gnome-keyring-daemon[7707]: already attempted to use password from login keyring
Jun 10 04:17:02 bruno-Aspire-A315-42G CRON[24019]: pam_unix(cron:session): session opened for user root(uid=0) by (uid=0)
Jun 10 04:17:02 bruno-Aspire-A315-42G CRON[24019]: pam_unix(cron:session): session closed for user root
Jun 10 05:03:50 bruno-Aspire-A315-42G gdm-password]: gkr-pam: unlocked login keyring
Jun 10 05:17:01 bruno-Aspire-A315-42G CRON[31496]: pam_unix(cron:session): session opened for user root(uid=0) by (uid=0)
Jun 10 05:17:01 bruno-Aspire-A315-42G CRON[31496]: pam_unix(cron:session): session closed for user root
Jun 10 05:45:21 bruno-Aspire-A315-42G gdm-password]: pam_unix(gdm-password:auth): authentication failure; logname= uid=0 euid=0 tty=/dev/tty1 ruser= rhost=  user=bruno
Jun 10 05:45:58 bruno-Aspire-A315-42G gdm-password]: gkr-pam: unlocked login keyring
Jun 10 06:17:01 bruno-Aspire-A315-42G CRON[35538]: pam_unix(cron:session): session opened for user root(uid=0) by (uid=0)
Jun 10 06:17:01 bruno-Aspire-A315-42G CRON[35538]: pam_unix(cron:session): session closed for user root
Jun 10 06:25:01 bruno-Aspire-A315-42G CRON[35790]: pam_unix(cron:session): session opened for user root(uid=0) by (uid=0)
Jun 10 06:25:01 bruno-Aspire-A315-42G CRON[35790]: pam_unix(cron:session): session closed for user root
Jun 10 06:29:42 bruno-Aspire-A315-42G pkexec: pam_unix(polkit-1:session): session opened for user root(uid=0) by (uid=1000)
Jun 10 06:29:42 bruno-Aspire-A315-42G pkexec[36963]: bruno: Executing command [USER=root] [TTY=unknown] [CWD=/home/bruno] [COMMAND=/usr/lib/update-notifier/package-system-locked]
Jun 10 06:57:21 bruno-Aspire-A315-42G PackageKit: uid 1000 is trying to obtain org.freedesktop.packagekit.system-sources-refresh auth (only_trusted:0)
Jun 10 06:57:21 bruno-Aspire-A315-42G PackageKit: uid 1000 obtained auth for org.freedesktop.packagekit.system-sources-refresh
Jun 10 06:59:46 bruno-Aspire-A315-42G pkexec: pam_unix(polkit-1:session): session opened for user root(uid=0) by (uid=1000)
Jun 10 06:59:46 bruno-Aspire-A315-42G pkexec[38604]: bruno: Executing command [USER=root] [TTY=unknown] [CWD=/home/bruno] [COMMAND=/usr/lib/update-notifier/package-system-locked]
Jun 10 07:17:01 bruno-Aspire-A315-42G CRON[39121]: pam_unix(cron:session): session opened for user root(uid=0) by (uid=0)
Jun 10 07:17:01 bruno-Aspire-A315-42G CRON[39121]: pam_unix(cron:session): session closed for user root
Jun 10 07:30:01 bruno-Aspire-A315-42G CRON[39400]: pam_unix(cron:session): session opened for user root(uid=0) by (uid=0)
Jun 10 07:30:01 bruno-Aspire-A315-42G CRON[39400]: pam_unix(cron:session): session closed for user root
Jun 10 08:17:01 bruno-Aspire-A315-42G CRON[40513]: pam_unix(cron:session): session opened for user root(uid=0) by (uid=0)
Jun 10 08:17:01 bruno-Aspire-A315-42G CRON[40513]: pam_unix(cron:session): session closed for user root
Jun 10 08:28:55 bruno-Aspire-A315-42G gdm-password]: gkr-pam: unlocked login keyring
Jun 10 08:30:01 bruno-Aspire-A315-42G CRON[41002]: pam_unix(cron:session): session opened for user root(uid=0) by (uid=0)
Jun 10 08:30:01 bruno-Aspire-A315-42G CRON[41002]: pam_unix(cron:session): session closed for user root
Jun 10 08:44:42 bruno-Aspire-A315-42G gdm-password]: gkr-pam: unlocked login keyring
Jun 10 09:17:01 bruno-Aspire-A315-42G CRON[45182]: pam_unix(cron:session): session opened for user root(uid=0) by (uid=0)
Jun 10 09:17:01 bruno-Aspire-A315-42G CRON[45182]: pam_unix(cron:session): session closed for user root
Jun 10 09:30:01 bruno-Aspire-A315-42G CRON[46271]: pam_unix(cron:session): session opened for user root(uid=0) by (uid=0)
Jun 10 09:30:01 bruno-Aspire-A315-42G CRON[46271]: pam_unix(cron:session): session closed for user root
Jun 10 09:42:50 bruno-Aspire-A315-42G gdm-password]: gkr-pam: unlocked login keyring
Jun 10 10:17:02 bruno-Aspire-A315-42G CRON[49903]: pam_unix(cron:session): session opened for user root(uid=0) by (uid=0)
Jun 10 10:17:02 bruno-Aspire-A315-42G CRON[49903]: pam_unix(cron:session): session closed for user root
Jun 10 10:30:01 bruno-Aspire-A315-42G CRON[50896]: pam_unix(cron:session): session opened for user root(uid=0) by (uid=0)
Jun 10 10:30:01 bruno-Aspire-A315-42G CRON[50896]: pam_unix(cron:session): session closed for user root
Jun 10 10:39:38 bruno-Aspire-A315-42G smbd: pam_unix(samba:session): session closed for user nobody
Jun 10 11:05:42 bruno-Aspire-A315-42G smbd: pam_unix(samba:session): session closed for user nobody
Jun 10 11:15:09 bruno-Aspire-A315-42G smbd: pam_unix(samba:session): session closed for user nobody
Jun 10 11:17:01 bruno-Aspire-A315-42G CRON[54067]: pam_unix(cron:session): session opened for user root(uid=0) by (uid=0)
Jun 10 11:17:01 bruno-Aspire-A315-42G CRON[54067]: pam_unix(cron:session): session closed for user root
Jun 10 11:30:01 bruno-Aspire-A315-42G CRON[54844]: pam_unix(cron:session): session opened for user root(uid=0) by (uid=0)
Jun 10 11:30:01 bruno-Aspire-A315-42G CRON[54844]: pam_unix(cron:session): session closed for user root
Jun 10 11:37:17 bruno-Aspire-A315-42G smbd: pam_unix(samba:session): session closed for user nobody
Jun 10 11:44:19 bruno-Aspire-A315-42G sudo:    bruno : TTY=pts/1 ; PWD=/home/bruno/Documents/Git/git-filter-repo ; USER=root ; COMMAND=/usr/bin/mv git-filter-repo /usr/local/bin/
Jun 10 11:44:19 bruno-Aspire-A315-42G sudo: pam_unix(sudo:session): session opened for user root(uid=0) by (uid=1000)
Jun 10 11:44:19 bruno-Aspire-A315-42G sudo: pam_unix(sudo:session): session closed for user root
Jun 10 11:56:50 bruno-Aspire-A315-42G smbd: pam_unix(samba:session): session closed for user nobody
Jun 10 12:17:02 bruno-Aspire-A315-42G CRON[57453]: pam_unix(cron:session): session opened for user root(uid=0) by (uid=0)
Jun 10 12:17:02 bruno-Aspire-A315-42G CRON[57453]: pam_unix(cron:session): session closed for user root
Jun 10 12:21:12 bruno-Aspire-A315-42G gdm-password]: gkr-pam: unlocked login keyring
Jun 10 12:30:01 bruno-Aspire-A315-42G CRON[58228]: pam_unix(cron:session): session opened for user root(uid=0) by (uid=0)
Jun 10 12:30:01 bruno-Aspire-A315-42G CRON[58228]: pam_unix(cron:session): session closed for user root
Jun 10 12:34:19 bruno-Aspire-A315-42G smbd: pam_unix(samba:session): session closed for user nobody
Jun 10 12:36:51 bruno-Aspire-A315-42G smbd: pam_unix(samba:session): session closed for user nobody
Jun 10 13:17:01 bruno-Aspire-A315-42G CRON[60978]: pam_unix(cron:session): session opened for user root(uid=0) by (uid=0)
Jun 10 13:17:02 bruno-Aspire-A315-42G CRON[60978]: pam_unix(cron:session): session closed for user root
Jun 10 13:30:01 bruno-Aspire-A315-42G CRON[61250]: pam_unix(cron:session): session opened for user root(uid=0) by (uid=0)
Jun 10 13:30:01 bruno-Aspire-A315-42G CRON[61250]: pam_unix(cron:session): session closed for user root
Jun 10 14:17:01 bruno-Aspire-A315-42G CRON[62550]: pam_unix(cron:session): session opened for user root(uid=0) by (uid=0)
Jun 10 14:17:01 bruno-Aspire-A315-42G CRON[62550]: pam_unix(cron:session): session closed for user root
Jun 10 14:30:01 bruno-Aspire-A315-42G CRON[62831]: pam_unix(cron:session): session opened for user root(uid=0) by (uid=0)
Jun 10 14:30:01 bruno-Aspire-A315-42G CRON[62831]: pam_unix(cron:session): session closed for user root
Jun 10 15:17:01 bruno-Aspire-A315-42G CRON[64351]: pam_unix(cron:session): session opened for user root(uid=0) by (uid=0)
Jun 10 15:17:01 bruno-Aspire-A315-42G CRON[64351]: pam_unix(cron:session): session closed for user root
Jun 10 15:30:01 bruno-Aspire-A315-42G CRON[64661]: pam_unix(cron:session): session opened for user root(uid=0) by (uid=0)
Jun 10 15:30:01 bruno-Aspire-A315-42G CRON[64661]: pam_unix(cron:session): session closed for user root
Jun 10 16:17:01 bruno-Aspire-A315-42G CRON[65941]: pam_unix(cron:session): session opened for user root(uid=0) by (uid=0)
Jun 10 16:17:01 bruno-Aspire-A315-42G CRON[65941]: pam_unix(cron:session): session closed for user root
Jun 10 16:30:03 bruno-Aspire-A315-42G CRON[66252]: pam_unix(cron:session): session opened for user root(uid=0) by (uid=0)
Jun 10 16:30:04 bruno-Aspire-A315-42G CRON[66252]: pam_unix(cron:session): session closed for user root
Jun 10 16:30:48 bruno-Aspire-A315-42G gdm-password]: gkr-pam: unlocked login keyring
Jun 10 16:49:35 bruno-Aspire-A315-42G gdm-password]: gkr-pam: unlocked login keyring
Jun 10 17:12:35 bruno-Aspire-A315-42G smbd: pam_unix(samba:session): session closed for user nobody
Jun 10 17:17:01 bruno-Aspire-A315-42G CRON[72671]: pam_unix(cron:session): session opened for user root(uid=0) by (uid=0)
Jun 10 17:17:01 bruno-Aspire-A315-42G CRON[72671]: pam_unix(cron:session): session closed for user root
Jun 10 17:30:01 bruno-Aspire-A315-42G CRON[73812]: pam_unix(cron:session): session opened for user root(uid=0) by (uid=0)
Jun 10 17:30:01 bruno-Aspire-A315-42G CRON[73812]: pam_unix(cron:session): session closed for user root
Jun 10 17:31:37 bruno-Aspire-A315-42G polkitd(authority=local): Unregistered Authentication Agent for unix-session:12 (system bus name :1.98, object path /org/freedesktop/PolicyKit1/AuthenticationAgent, locale en_US.UTF-8) (disconnected from bus)
Jun 10 17:31:54 bruno-Aspire-A315-42G polkitd(authority=local): Registered Authentication Agent for unix-session:12 (system bus name :1.1026 [/usr/bin/gnome-shell], object path /org/freedesktop/PolicyKit1/AuthenticationAgent, locale en_US.UTF-8)
Jun 10 18:10:04 bruno-Aspire-A315-42G gdm-password]: gkr-pam: unlocked login keyring
Jun 10 18:17:01 bruno-Aspire-A315-42G CRON[142342]: pam_unix(cron:session): session opened for user root(uid=0) by (uid=0)
Jun 10 18:17:01 bruno-Aspire-A315-42G CRON[142342]: pam_unix(cron:session): session closed for user root
Jun 10 18:30:01 bruno-Aspire-A315-42G CRON[166300]: pam_unix(cron:session): session opened for user root(uid=0) by (uid=0)
Jun 10 18:30:01 bruno-Aspire-A315-42G CRON[166300]: pam_unix(cron:session): session closed for user root
Jun 10 18:53:03 bruno-Aspire-A315-42G gdm-password]: gkr-pam: unlocked login keyring
Jun 10 19:06:00 bruno-Aspire-A315-42G gdm-password]: gkr-pam: unlocked login keyring
Jun 10 19:17:01 bruno-Aspire-A315-42G CRON[251388]: pam_unix(cron:session): session opened for user root(uid=0) by (uid=0)
Jun 10 19:17:02 bruno-Aspire-A315-42G CRON[251388]: pam_unix(cron:session): session closed for user root
Jun 10 19:25:32 bruno-Aspire-A315-42G gdm-password]: gkr-pam: unlocked login keyring
Jun 10 19:30:01 bruno-Aspire-A315-42G CRON[276251]: pam_unix(cron:session): session opened for user root(uid=0) by (uid=0)
Jun 10 19:30:01 bruno-Aspire-A315-42G CRON[276251]: pam_unix(cron:session): session closed for user root
Jun 10 19:50:29 bruno-Aspire-A315-42G gdm-password]: gkr-pam: unlocked login keyring
Jun 10 20:17:01 bruno-Aspire-A315-42G CRON[360972]: pam_unix(cron:session): session opened for user root(uid=0) by (uid=0)
Jun 10 20:17:01 bruno-Aspire-A315-42G CRON[360972]: pam_unix(cron:session): session closed for user root
Jun 10 20:21:29 bruno-Aspire-A315-42G gdm-password]: gkr-pam: unlocked login keyring
Jun 10 20:30:01 bruno-Aspire-A315-42G CRON[384524]: pam_unix(cron:session): session opened for user root(uid=0) by (uid=0)
Jun 10 20:30:01 bruno-Aspire-A315-42G CRON[384524]: pam_unix(cron:session): session closed for user root
Jun 10 20:53:21 bruno-Aspire-A315-42G gdm-password]: gkr-pam: unlocked login keyring
Jun 10 21:17:01 bruno-Aspire-A315-42G CRON[472299]: pam_unix(cron:session): session opened for user root(uid=0) by (uid=0)
Jun 10 21:17:01 bruno-Aspire-A315-42G CRON[472299]: pam_unix(cron:session): session closed for user root
Jun 10 21:30:01 bruno-Aspire-A315-42G CRON[496802]: pam_unix(cron:session): session opened for user root(uid=0) by (uid=0)
Jun 10 21:30:01 bruno-Aspire-A315-42G CRON[496802]: pam_unix(cron:session): session closed for user root
Jun 10 21:42:19 bruno-Aspire-A315-42G gdm-password]: gkr-pam: unlocked login keyring
Jun 10 21:51:48 bruno-Aspire-A315-42G gdm-password]: gkr-pam: unlocked login keyring
Jun 10 22:17:01 bruno-Aspire-A315-42G CRON[582167]: pam_unix(cron:session): session opened for user root(uid=0) by (uid=0)
Jun 10 22:17:01 bruno-Aspire-A315-42G CRON[582167]: pam_unix(cron:session): session closed for user root
Jun 10 22:30:01 bruno-Aspire-A315-42G CRON[605507]: pam_unix(cron:session): session opened for user root(uid=0) by (uid=0)
Jun 10 22:30:01 bruno-Aspire-A315-42G CRON[605507]: pam_unix(cron:session): session closed for user root
Jun 10 22:49:12 bruno-Aspire-A315-42G polkitd(authority=local): Unregistered Authentication Agent for unix-session:12 (system bus name :1.1026, object path /org/freedesktop/PolicyKit1/AuthenticationAgent, locale en_US.UTF-8) (disconnected from bus)
Jun 10 22:49:18 bruno-Aspire-A315-42G polkitd(authority=local): Registered Authentication Agent for unix-session:12 (system bus name :1.1346 [/usr/bin/gnome-shell], object path /org/freedesktop/PolicyKit1/AuthenticationAgent, locale en_US.UTF-8)
Jun 10 23:17:01 bruno-Aspire-A315-42G CRON[692740]: pam_unix(cron:session): session opened for user root(uid=0) by (uid=0)
Jun 10 23:17:01 bruno-Aspire-A315-42G CRON[692740]: pam_unix(cron:session): session closed for user root
Jun 10 23:30:01 bruno-Aspire-A315-42G CRON[715615]: pam_unix(cron:session): session opened for user root(uid=0) by (uid=0)
Jun 10 23:30:01 bruno-Aspire-A315-42G CRON[715615]: pam_unix(cron:session): session closed for user root
Jun 10 23:32:46 bruno-Aspire-A315-42G systemd-logind[1010]: Delay lock is active (UID 1000/bruno, PID 641161/gnome-shell) but inhibitor timeout is reached.
Jun 11 16:25:42 bruno-Aspire-A315-42G systemd-logind[1010]: Operation 'sleep' finished.
Jun 11 16:25:51 bruno-Aspire-A315-42G PackageKit: uid 1000 is trying to obtain org.freedesktop.packagekit.system-sources-refresh auth (only_trusted:0)
Jun 11 16:25:51 bruno-Aspire-A315-42G PackageKit: uid 1000 obtained auth for org.freedesktop.packagekit.system-sources-refresh
Jun 11 16:26:27 bruno-Aspire-A315-42G PackageKit: uid 1000 is trying to obtain org.freedesktop.packagekit.system-sources-refresh auth (only_trusted:0)
Jun 11 16:26:27 bruno-Aspire-A315-42G PackageKit: uid 1000 obtained auth for org.freedesktop.packagekit.system-sources-refresh
Jun 11 16:26:45 bruno-Aspire-A315-42G PackageKit: uid 1000 is trying to obtain org.freedesktop.packagekit.system-sources-refresh auth (only_trusted:0)
Jun 11 16:26:45 bruno-Aspire-A315-42G PackageKit: uid 1000 obtained auth for org.freedesktop.packagekit.system-sources-refresh
Jun 11 16:26:48 bruno-Aspire-A315-42G PackageKit: uid 1000 is trying to obtain org.freedesktop.packagekit.system-sources-refresh auth (only_trusted:0)
Jun 11 16:26:48 bruno-Aspire-A315-42G PackageKit: uid 1000 obtained auth for org.freedesktop.packagekit.system-sources-refresh
Jun 11 16:26:51 bruno-Aspire-A315-42G PackageKit: uid 1000 is trying to obtain org.freedesktop.packagekit.system-sources-refresh auth (only_trusted:0)
Jun 11 16:26:51 bruno-Aspire-A315-42G PackageKit: uid 1000 obtained auth for org.freedesktop.packagekit.system-sources-refresh
Jun 11 16:28:31 bruno-Aspire-A315-42G pkexec: pam_unix(polkit-1:session): session opened for user root(uid=0) by (uid=1000)
Jun 11 16:28:31 bruno-Aspire-A315-42G pkexec[728376]: bruno: Executing command [USER=root] [TTY=unknown] [CWD=/home/bruno] [COMMAND=/usr/lib/update-notifier/package-system-locked]
Jun 11 16:30:01 bruno-Aspire-A315-42G CRON[731154]: pam_unix(cron:session): session opened for user root(uid=0) by (uid=0)
Jun 11 16:30:01 bruno-Aspire-A315-42G CRON[731154]: pam_unix(cron:session): session closed for user root
Jun 11 16:31:38 bruno-Aspire-A315-42G gdm-password]: gkr-pam: unlocked login keyring
Jun 11 16:33:44 bruno-Aspire-A315-42G polkitd(authority=local): Operator of unix-session:12 successfully authenticated as unix-user:bruno to gain TEMPORARY authorization for action org.debian.apt.install-or-remove-packages for system-bus-name::1.1384 [/usr/bin/python3 /usr/bin/update-manager --no-update --no-focus-on-map] (owned by unix-user:bruno)
Jun 11 16:48:19 bruno-Aspire-A315-42G gdm-password]: gkr-pam: unlocked login keyring
Jun 11 17:04:07 bruno-Aspire-A315-42G sudo:    bruno : TTY=pts/1 ; PWD=/home/bruno/Documents/git/learning/not python/C-C#-C++/C/ordenação ; USER=root ; COMMAND=/usr/bin/apt install inxi
Jun 11 17:04:07 bruno-Aspire-A315-42G sudo: pam_unix(sudo:session): session opened for user root(uid=0) by (uid=1000)
Jun 11 17:04:28 bruno-Aspire-A315-42G sudo: pam_unix(sudo:session): session closed for user root
Jun 11 17:11:04 bruno-Aspire-A315-42G gdm-password]: gkr-pam: unlocked login keyring
Jun 11 17:17:01 bruno-Aspire-A315-42G CRON[817739]: pam_unix(cron:session): session opened for user root(uid=0) by (uid=0)
Jun 11 17:17:01 bruno-Aspire-A315-42G CRON[817739]: pam_unix(cron:session): session closed for user root
Jun 11 17:30:02 bruno-Aspire-A315-42G CRON[841517]: pam_unix(cron:session): session opened for user root(uid=0) by (uid=0)
Jun 11 17:30:02 bruno-Aspire-A315-42G CRON[841517]: pam_unix(cron:session): session closed for user root
Jun 11 17:54:10 bruno-Aspire-A315-42G polkitd(authority=local): Unregistered Authentication Agent for unix-session:12 (system bus name :1.1346, object path /org/freedesktop/PolicyKit1/AuthenticationAgent, locale en_US.UTF-8) (disconnected from bus)
Jun 11 17:54:23 bruno-Aspire-A315-42G polkitd(authority=local): Registered Authentication Agent for unix-session:12 (system bus name :1.1421 [/usr/bin/gnome-shell], object path /org/freedesktop/PolicyKit1/AuthenticationAgent, locale en_US.UTF-8)
Jun 11 18:17:01 bruno-Aspire-A315-42G CRON[926110]: pam_unix(cron:session): session opened for user root(uid=0) by (uid=0)
Jun 11 18:17:01 bruno-Aspire-A315-42G CRON[926110]: pam_unix(cron:session): session closed for user root
Jun 11 18:18:59 bruno-Aspire-A315-42G gdm-password]: gkr-pam: unlocked login keyring
Jun 11 18:30:01 bruno-Aspire-A315-42G CRON[950490]: pam_unix(cron:session): session opened for user root(uid=0) by (uid=0)
Jun 11 18:30:01 bruno-Aspire-A315-42G CRON[950490]: pam_unix(cron:session): session closed for user root
Jun 11 19:17:01 bruno-Aspire-A315-42G CRON[1034961]: pam_unix(cron:session): session opened for user root(uid=0) by (uid=0)
Jun 11 19:17:01 bruno-Aspire-A315-42G CRON[1034961]: pam_unix(cron:session): session closed for user root
Jun 11 23:39:45 bruno-Aspire-A315-42G systemd-logind[1033]: New seat seat0.
Jun 11 23:39:45 bruno-Aspire-A315-42G systemd-logind[1033]: Watching system buttons on /dev/input/event3 (Power Button)
Jun 11 23:39:45 bruno-Aspire-A315-42G systemd-logind[1033]: Watching system buttons on /dev/input/event2 (Lid Switch)
Jun 11 23:39:45 bruno-Aspire-A315-42G systemd-logind[1033]: Watching system buttons on /dev/input/event0 (Power Button)
Jun 11 23:39:45 bruno-Aspire-A315-42G systemd-logind[1033]: Watching system buttons on /dev/input/event1 (Sleep Button)
Jun 11 23:39:45 bruno-Aspire-A315-42G systemd-logind[1033]: Watching system buttons on /dev/input/event11 (USB OPTICAL MOUSE  Keyboard)
Jun 11 23:39:45 bruno-Aspire-A315-42G systemd-logind[1033]: Watching system buttons on /dev/input/event9 (Lenovo Lenovo Traditional USB Keyboard)
Jun 11 23:39:45 bruno-Aspire-A315-42G systemd-logind[1033]: Watching system buttons on /dev/input/event4 (AT Translated Set 2 keyboard)
Jun 11 23:39:45 bruno-Aspire-A315-42G systemd-logind[1033]: Watching system buttons on /dev/input/event13 (Acer WMI hotkeys)
Jun 11 23:39:55 bruno-Aspire-A315-42G sshd[1212]: Server listening on 0.0.0.0 port 22.
Jun 11 23:39:55 bruno-Aspire-A315-42G sshd[1212]: Server listening on :: port 22.
Jun 11 23:40:04 bruno-Aspire-A315-42G gdm-launch-environment]: pam_unix(gdm-launch-environment:session): session opened for user gdm(uid=128) by (uid=0)
Jun 11 23:40:05 bruno-Aspire-A315-42G systemd-logind[1033]: New session c1 of user gdm.
Jun 11 23:40:05 bruno-Aspire-A315-42G systemd: pam_unix(systemd-user:session): session opened for user gdm(uid=128) by (uid=0)
Jun 11 23:40:49 bruno-Aspire-A315-42G polkitd(authority=local): Registered Authentication Agent for unix-session:c1 (system bus name :1.50 [/usr/bin/gnome-shell], object path /org/freedesktop/PolicyKit1/AuthenticationAgent, locale en_US.UTF-8)
Jun 12 00:17:01 bruno-Aspire-A315-42G CRON[2766]: pam_unix(cron:session): session opened for user root(uid=0) by (uid=0)
Jun 12 00:17:01 bruno-Aspire-A315-42G CRON[2766]: pam_unix(cron:session): session closed for user root
Jun 12 01:17:01 bruno-Aspire-A315-42G CRON[4047]: pam_unix(cron:session): session opened for user root(uid=0) by (uid=0)
Jun 12 01:17:01 bruno-Aspire-A315-42G CRON[4047]: pam_unix(cron:session): session closed for user root
Jun 12 02:17:01 bruno-Aspire-A315-42G CRON[5247]: pam_unix(cron:session): session opened for user root(uid=0) by (uid=0)
Jun 12 02:17:01 bruno-Aspire-A315-42G CRON[5247]: pam_unix(cron:session): session closed for user root
Jun 12 03:06:45 bruno-Aspire-A315-42G systemd-logind[1033]: System is rebooting.
Jun 12 03:06:45 bruno-Aspire-A315-42G polkitd(authority=local): Unregistered Authentication Agent for unix-session:c1 (system bus name :1.50, object path /org/freedesktop/PolicyKit1/AuthenticationAgent, locale en_US.UTF-8) (disconnected from bus)
Jun 12 04:40:13 bruno-Aspire-A315-42G systemd-logind[991]: New seat seat0.
Jun 12 04:40:13 bruno-Aspire-A315-42G systemd-logind[991]: Watching system buttons on /dev/input/event3 (Power Button)
Jun 12 04:40:13 bruno-Aspire-A315-42G systemd-logind[991]: Watching system buttons on /dev/input/event2 (Lid Switch)
Jun 12 04:40:13 bruno-Aspire-A315-42G systemd-logind[991]: Watching system buttons on /dev/input/event0 (Power Button)
Jun 12 04:40:13 bruno-Aspire-A315-42G systemd-logind[991]: Watching system buttons on /dev/input/event1 (Sleep Button)
Jun 12 04:40:13 bruno-Aspire-A315-42G systemd-logind[991]: Watching system buttons on /dev/input/event11 (USB OPTICAL MOUSE  Keyboard)
Jun 12 04:40:13 bruno-Aspire-A315-42G systemd-logind[991]: Watching system buttons on /dev/input/event9 (Lenovo Lenovo Traditional USB Keyboard)
Jun 12 04:40:13 bruno-Aspire-A315-42G systemd-logind[991]: Watching system buttons on /dev/input/event4 (AT Translated Set 2 keyboard)
Jun 12 04:40:13 bruno-Aspire-A315-42G systemd-logind[991]: Watching system buttons on /dev/input/event13 (Acer WMI hotkeys)
Jun 12 04:40:24 bruno-Aspire-A315-42G sshd[1169]: Server listening on 0.0.0.0 port 22.
Jun 12 04:40:24 bruno-Aspire-A315-42G sshd[1169]: Server listening on :: port 22.
Jun 12 04:40:33 bruno-Aspire-A315-42G gdm-launch-environment]: pam_unix(gdm-launch-environment:session): session opened for user gdm(uid=128) by (uid=0)
Jun 12 04:40:34 bruno-Aspire-A315-42G systemd-logind[991]: New session c1 of user gdm.
Jun 12 04:40:34 bruno-Aspire-A315-42G systemd: pam_unix(systemd-user:session): session opened for user gdm(uid=128) by (uid=0)
Jun 12 04:41:16 bruno-Aspire-A315-42G polkitd(authority=local): Registered Authentication Agent for unix-session:c1 (system bus name :1.50 [/usr/bin/gnome-shell], object path /org/freedesktop/PolicyKit1/AuthenticationAgent, locale en_US.UTF-8)
Jun 12 04:55:01 bruno-Aspire-A315-42G systemd-logind[991]: System is rebooting.
Jun 12 05:29:25 bruno-Aspire-A315-42G systemd-logind[999]: New seat seat0.
Jun 12 05:29:25 bruno-Aspire-A315-42G systemd-logind[999]: Watching system buttons on /dev/input/event3 (Power Button)
Jun 12 05:29:25 bruno-Aspire-A315-42G systemd-logind[999]: Watching system buttons on /dev/input/event2 (Lid Switch)
Jun 12 05:29:25 bruno-Aspire-A315-42G systemd-logind[999]: Watching system buttons on /dev/input/event0 (Power Button)
Jun 12 05:29:25 bruno-Aspire-A315-42G systemd-logind[999]: Watching system buttons on /dev/input/event1 (Sleep Button)
Jun 12 05:29:25 bruno-Aspire-A315-42G systemd-logind[999]: Watching system buttons on /dev/input/event11 (USB OPTICAL MOUSE  Keyboard)
Jun 12 05:29:25 bruno-Aspire-A315-42G systemd-logind[999]: Watching system buttons on /dev/input/event9 (Lenovo Lenovo Traditional USB Keyboard)
Jun 12 05:29:25 bruno-Aspire-A315-42G systemd-logind[999]: Watching system buttons on /dev/input/event4 (AT Translated Set 2 keyboard)
Jun 12 05:29:25 bruno-Aspire-A315-42G systemd-logind[999]: Watching system buttons on /dev/input/event13 (Acer WMI hotkeys)
Jun 12 05:29:36 bruno-Aspire-A315-42G sshd[1180]: Server listening on 0.0.0.0 port 22.
Jun 12 05:29:36 bruno-Aspire-A315-42G sshd[1180]: Server listening on :: port 22.
Jun 12 05:29:42 bruno-Aspire-A315-42G gdm-launch-environment]: pam_unix(gdm-launch-environment:session): session opened for user gdm(uid=128) by (uid=0)
Jun 12 05:29:43 bruno-Aspire-A315-42G systemd-logind[999]: New session c1 of user gdm.
Jun 12 05:29:44 bruno-Aspire-A315-42G systemd: pam_unix(systemd-user:session): session opened for user gdm(uid=128) by (uid=0)
Jun 12 05:30:27 bruno-Aspire-A315-42G polkitd(authority=local): Registered Authentication Agent for unix-session:c1 (system bus name :1.50 [/usr/bin/gnome-shell], object path /org/freedesktop/PolicyKit1/AuthenticationAgent, locale en_US.UTF-8)
Jun 12 05:33:06 bruno-Aspire-A315-42G systemd-logind[999]: System is rebooting.
Jun 12 09:28:50 bruno-Aspire-A315-42G systemd-logind[1013]: New seat seat0.
Jun 12 09:28:50 bruno-Aspire-A315-42G systemd-logind[1013]: Watching system buttons on /dev/input/event3 (Power Button)
Jun 12 09:28:50 bruno-Aspire-A315-42G systemd-logind[1013]: Watching system buttons on /dev/input/event2 (Lid Switch)
Jun 12 09:28:50 bruno-Aspire-A315-42G systemd-logind[1013]: Watching system buttons on /dev/input/event0 (Power Button)
Jun 12 09:28:50 bruno-Aspire-A315-42G systemd-logind[1013]: Watching system buttons on /dev/input/event1 (Sleep Button)
Jun 12 09:28:50 bruno-Aspire-A315-42G systemd-logind[1013]: Watching system buttons on /dev/input/event11 (USB OPTICAL MOUSE  Keyboard)
Jun 12 09:28:50 bruno-Aspire-A315-42G systemd-logind[1013]: Watching system buttons on /dev/input/event9 (Lenovo Lenovo Traditional USB Keyboard)
Jun 12 09:28:50 bruno-Aspire-A315-42G systemd-logind[1013]: Watching system buttons on /dev/input/event4 (AT Translated Set 2 keyboard)
Jun 12 09:28:50 bruno-Aspire-A315-42G systemd-logind[1013]: Watching system buttons on /dev/input/event13 (Acer WMI hotkeys)
Jun 12 09:28:59 bruno-Aspire-A315-42G sshd[1193]: Server listening on 0.0.0.0 port 22.
Jun 12 09:28:59 bruno-Aspire-A315-42G sshd[1193]: Server listening on :: port 22.
Jun 12 09:29:06 bruno-Aspire-A315-42G gdm-launch-environment]: pam_unix(gdm-launch-environment:session): session opened for user gdm(uid=128) by (uid=0)
Jun 12 09:29:06 bruno-Aspire-A315-42G systemd-logind[1013]: New session c1 of user gdm.
Jun 12 09:29:07 bruno-Aspire-A315-42G systemd: pam_unix(systemd-user:session): session opened for user gdm(uid=128) by (uid=0)
Jun 12 09:29:50 bruno-Aspire-A315-42G polkitd(authority=local): Registered Authentication Agent for unix-session:c1 (system bus name :1.50 [/usr/bin/gnome-shell], object path /org/freedesktop/PolicyKit1/AuthenticationAgent, locale en_US.UTF-8)
Jun 12 09:30:01 bruno-Aspire-A315-42G CRON[1910]: pam_unix(cron:session): session opened for user root(uid=0) by (uid=0)
Jun 12 09:30:01 bruno-Aspire-A315-42G CRON[1910]: pam_unix(cron:session): session closed for user root
Jun 12 10:17:01 bruno-Aspire-A315-42G CRON[3039]: pam_unix(cron:session): session opened for user root(uid=0) by (uid=0)
Jun 12 10:17:01 bruno-Aspire-A315-42G CRON[3039]: pam_unix(cron:session): session closed for user root
Jun 12 10:23:42 bruno-Aspire-A315-42G gdm-password]: gkr-pam: unable to locate daemon control file
Jun 12 10:23:42 bruno-Aspire-A315-42G gdm-password]: gkr-pam: stashed password to try later in open session
Jun 12 10:23:42 bruno-Aspire-A315-42G gdm-password]: pam_unix(gdm-password:session): session opened for user bruno(uid=1000) by (uid=0)
Jun 12 10:23:42 bruno-Aspire-A315-42G systemd-logind[1013]: New session 4 of user bruno.
Jun 12 10:23:42 bruno-Aspire-A315-42G systemd: pam_unix(systemd-user:session): session opened for user bruno(uid=1000) by (uid=0)
Jun 12 10:23:43 bruno-Aspire-A315-42G gdm-password]: gkr-pam: gnome-keyring-daemon started properly and unlocked keyring
Jun 12 10:23:51 bruno-Aspire-A315-42G gnome-keyring-daemon[3263]: The Secret Service was already initialized
Jun 12 10:23:51 bruno-Aspire-A315-42G gnome-keyring-daemon[3263]: The PKCS#11 component was already initialized
Jun 12 10:23:51 bruno-Aspire-A315-42G gnome-keyring-daemon[3263]: The SSH agent was already initialized
Jun 12 10:23:52 bruno-Aspire-A315-42G polkitd(authority=local): Registered Authentication Agent for unix-session:4 (system bus name :1.90 [/usr/bin/gnome-shell], object path /org/freedesktop/PolicyKit1/AuthenticationAgent, locale en_US.UTF-8)
Jun 12 10:24:09 bruno-Aspire-A315-42G gdm-launch-environment]: pam_unix(gdm-launch-environment:session): session closed for user gdm
Jun 12 10:24:09 bruno-Aspire-A315-42G systemd-logind[1013]: Session c1 logged out. Waiting for processes to exit.
Jun 12 10:24:09 bruno-Aspire-A315-42G systemd-logind[1013]: Removed session c1.
Jun 12 10:24:10 bruno-Aspire-A315-42G polkitd(authority=local): Unregistered Authentication Agent for unix-session:c1 (system bus name :1.50, object path /org/freedesktop/PolicyKit1/AuthenticationAgent, locale en_US.UTF-8) (disconnected from bus)
Jun 12 10:24:20 bruno-Aspire-A315-42G PackageKit: uid 1000 is trying to obtain org.freedesktop.packagekit.system-sources-refresh auth (only_trusted:0)
Jun 12 10:24:20 bruno-Aspire-A315-42G PackageKit: uid 1000 obtained auth for org.freedesktop.packagekit.system-sources-refresh
Jun 12 10:24:35 bruno-Aspire-A315-42G PackageKit: uid 1000 is trying to obtain org.freedesktop.packagekit.system-sources-refresh auth (only_trusted:0)
Jun 12 10:24:35 bruno-Aspire-A315-42G PackageKit: uid 1000 obtained auth for org.freedesktop.packagekit.system-sources-refresh
Jun 12 10:24:40 bruno-Aspire-A315-42G PackageKit: uid 1000 is trying to obtain org.freedesktop.packagekit.system-sources-refresh auth (only_trusted:0)
Jun 12 10:24:40 bruno-Aspire-A315-42G PackageKit: uid 1000 obtained auth for org.freedesktop.packagekit.system-sources-refresh
Jun 12 10:25:14 bruno-Aspire-A315-42G smbd: pam_unix(samba:session): session closed for user nobody
Jun 12 10:25:58 bruno-Aspire-A315-42G pkexec: pam_unix(polkit-1:session): session opened for user root(uid=0) by (uid=1000)
Jun 12 10:25:58 bruno-Aspire-A315-42G pkexec[7199]: bruno: Executing command [USER=root] [TTY=unknown] [CWD=/home/bruno] [COMMAND=/usr/lib/update-notifier/package-system-locked]
Jun 12 10:30:01 bruno-Aspire-A315-42G CRON[7976]: pam_unix(cron:session): session opened for user root(uid=0) by (uid=0)
Jun 12 10:30:01 bruno-Aspire-A315-42G CRON[7976]: pam_unix(cron:session): session closed for user root
Jun 12 10:34:42 bruno-Aspire-A315-42G gdm-password]: gkr-pam: unlocked login keyring
Jun 12 11:17:01 bruno-Aspire-A315-42G CRON[13898]: pam_unix(cron:session): session opened for user root(uid=0) by (uid=0)
Jun 12 11:17:01 bruno-Aspire-A315-42G CRON[13898]: pam_unix(cron:session): session closed for user root
Jun 12 11:30:01 bruno-Aspire-A315-42G CRON[16458]: pam_unix(cron:session): session opened for user root(uid=0) by (uid=0)
Jun 12 11:30:01 bruno-Aspire-A315-42G CRON[16458]: pam_unix(cron:session): session closed for user root
Jun 12 11:49:10 bruno-Aspire-A315-42G systemd-logind[1013]: Delay lock is active (UID 1000/bruno, PID 3493/gnome-shell) but inhibitor timeout is reached.
Jun 12 16:47:30 bruno-Aspire-A315-42G systemd-logind[1013]: Operation 'sleep' finished.
Jun 12 16:47:33 bruno-Aspire-A315-42G gdm-password]: gkr-pam: unlocked login keyring
Jun 12 17:05:24 bruno-Aspire-A315-42G pkexec: pam_unix(polkit-1:session): session opened for user root(uid=0) by (uid=1000)
Jun 12 17:05:24 bruno-Aspire-A315-42G pkexec[21502]: bruno: Executing command [USER=root] [TTY=unknown] [CWD=/home/bruno] [COMMAND=/usr/lib/update-notifier/package-system-locked]
Jun 12 17:15:58 bruno-Aspire-A315-42G gdm-password]: gkr-pam: unlocked login keyring
Jun 12 17:17:01 bruno-Aspire-A315-42G CRON[22449]: pam_unix(cron:session): session opened for user root(uid=0) by (uid=0)
Jun 12 17:17:01 bruno-Aspire-A315-42G CRON[22449]: pam_unix(cron:session): session closed for user root
Jun 12 17:30:01 bruno-Aspire-A315-42G CRON[24338]: pam_unix(cron:session): session opened for user root(uid=0) by (uid=0)
Jun 12 17:30:01 bruno-Aspire-A315-42G CRON[24338]: pam_unix(cron:session): session closed for user root
Jun 12 18:06:29 bruno-Aspire-A315-42G systemd-logind[1013]: Operation 'sleep' finished.
Jun 12 18:06:31 bruno-Aspire-A315-42G gdm-password]: gkr-pam: unlocked login keyring
Jun 12 18:17:01 bruno-Aspire-A315-42G CRON[25874]: pam_unix(cron:session): session opened for user root(uid=0) by (uid=0)
Jun 12 18:17:01 bruno-Aspire-A315-42G CRON[25874]: pam_unix(cron:session): session closed for user root
Jun 12 18:21:48 bruno-Aspire-A315-42G gdm-password]: pam_unix(gdm-password:auth): authentication failure; logname= uid=0 euid=0 tty=/dev/tty1 ruser= rhost=  user=bruno
Jun 12 18:30:01 bruno-Aspire-A315-42G CRON[26414]: pam_unix(cron:session): session opened for user root(uid=0) by (uid=0)
Jun 12 18:30:01 bruno-Aspire-A315-42G CRON[26414]: pam_unix(cron:session): session closed for user root
Jun 12 18:32:09 bruno-Aspire-A315-42G gdm-password]: gkr-pam: unlocked login keyring
Jun 12 19:17:02 bruno-Aspire-A315-42G CRON[30205]: pam_unix(cron:session): session opened for user root(uid=0) by (uid=0)
Jun 12 19:17:02 bruno-Aspire-A315-42G CRON[30205]: pam_unix(cron:session): session closed for user root
Jun 12 19:36:28 bruno-Aspire-A315-42G systemd-logind[1013]: Operation 'sleep' finished.
Jun 12 19:36:45 bruno-Aspire-A315-42G CRON[30571]: pam_unix(cron:session): session opened for user root(uid=0) by (uid=0)
Jun 12 19:36:45 bruno-Aspire-A315-42G CRON[30571]: pam_unix(cron:session): session closed for user root
Jun 12 21:01:31 bruno-Aspire-A315-42G systemd-logind[1013]: Operation 'sleep' finished.
Jun 12 21:01:35 bruno-Aspire-A315-42G gdm-password]: gkr-pam: unlocked login keyring
Jun 12 21:01:58 bruno-Aspire-A315-42G CRON[31423]: pam_unix(cron:session): session opened for user root(uid=0) by (uid=0)
Jun 12 21:01:58 bruno-Aspire-A315-42G CRON[31423]: pam_unix(cron:session): session closed for user root
Jun 12 21:17:01 bruno-Aspire-A315-42G CRON[32403]: pam_unix(cron:session): session opened for user root(uid=0) by (uid=0)
Jun 12 21:17:01 bruno-Aspire-A315-42G CRON[32403]: pam_unix(cron:session): session closed for user root
Jun 12 21:30:01 bruno-Aspire-A315-42G CRON[33302]: pam_unix(cron:session): session opened for user root(uid=0) by (uid=0)
Jun 12 21:30:01 bruno-Aspire-A315-42G CRON[33302]: pam_unix(cron:session): session closed for user root
Jun 12 22:17:01 bruno-Aspire-A315-42G CRON[35991]: pam_unix(cron:session): session opened for user root(uid=0) by (uid=0)
Jun 12 22:17:01 bruno-Aspire-A315-42G CRON[35991]: pam_unix(cron:session): session closed for user root
Jun 12 22:20:42 bruno-Aspire-A315-42G gdm-password]: gkr-pam: unlocked login keyring
Jun 12 22:30:01 bruno-Aspire-A315-42G CRON[38185]: pam_unix(cron:session): session opened for user root(uid=0) by (uid=0)
Jun 12 22:30:01 bruno-Aspire-A315-42G CRON[38185]: pam_unix(cron:session): session closed for user root
Jun 12 23:17:01 bruno-Aspire-A315-42G CRON[42542]: pam_unix(cron:session): session opened for user root(uid=0) by (uid=0)
Jun 12 23:17:01 bruno-Aspire-A315-42G CRON[42542]: pam_unix(cron:session): session closed for user root
Jun 12 23:30:01 bruno-Aspire-A315-42G CRON[44909]: pam_unix(cron:session): session opened for user root(uid=0) by (uid=0)
Jun 12 23:30:01 bruno-Aspire-A315-42G CRON[44909]: pam_unix(cron:session): session closed for user root
Jun 13 00:11:46 bruno-Aspire-A315-42G gdm-password]: gkr-pam: unlocked login keyring
Jun 13 00:17:01 bruno-Aspire-A315-42G CRON[50365]: pam_unix(cron:session): session opened for user root(uid=0) by (uid=0)
Jun 13 00:17:01 bruno-Aspire-A315-42G CRON[50365]: pam_unix(cron:session): session closed for user root
Jun 13 01:05:28 bruno-Aspire-A315-42G pkexec: pam_unix(polkit-1:session): session opened for user root(uid=0) by (uid=1000)
Jun 13 01:05:28 bruno-Aspire-A315-42G pkexec[59397]: bruno: Executing command [USER=root] [TTY=unknown] [CWD=/home/bruno] [COMMAND=/usr/lib/update-notifier/package-system-locked]
Jun 13 01:17:02 bruno-Aspire-A315-42G CRON[61960]: pam_unix(cron:session): session opened for user root(uid=0) by (uid=0)
Jun 13 01:17:02 bruno-Aspire-A315-42G CRON[61960]: pam_unix(cron:session): session closed for user root
Jun 13 02:17:01 bruno-Aspire-A315-42G CRON[63533]: pam_unix(cron:session): session opened for user root(uid=0) by (uid=0)
Jun 13 02:17:01 bruno-Aspire-A315-42G CRON[63533]: pam_unix(cron:session): session closed for user root
Jun 13 03:10:01 bruno-Aspire-A315-42G CRON[64815]: pam_unix(cron:session): session opened for user root(uid=0) by (uid=0)
Jun 13 03:10:01 bruno-Aspire-A315-42G CRON[64815]: pam_unix(cron:session): session closed for user root
Jun 13 03:17:01 bruno-Aspire-A315-42G CRON[64962]: pam_unix(cron:session): session opened for user root(uid=0) by (uid=0)
Jun 13 03:17:01 bruno-Aspire-A315-42G CRON[64962]: pam_unix(cron:session): session closed for user root
Jun 13 04:17:01 bruno-Aspire-A315-42G CRON[66355]: pam_unix(cron:session): session opened for user root(uid=0) by (uid=0)
Jun 13 04:17:01 bruno-Aspire-A315-42G CRON[66355]: pam_unix(cron:session): session closed for user root
Jun 13 05:17:01 bruno-Aspire-A315-42G CRON[67872]: pam_unix(cron:session): session opened for user root(uid=0) by (uid=0)
Jun 13 05:17:01 bruno-Aspire-A315-42G CRON[67872]: pam_unix(cron:session): session closed for user root
Jun 13 11:46:08 bruno-Aspire-A315-42G systemd-logind[1013]: Operation 'sleep' finished.
Jun 13 11:46:15 bruno-Aspire-A315-42G PackageKit: uid 1000 is trying to obtain org.freedesktop.packagekit.system-sources-refresh auth (only_trusted:0)
Jun 13 11:46:15 bruno-Aspire-A315-42G PackageKit: uid 1000 obtained auth for org.freedesktop.packagekit.system-sources-refresh
Jun 13 11:46:41 bruno-Aspire-A315-42G PackageKit: uid 1000 is trying to obtain org.freedesktop.packagekit.system-sources-refresh auth (only_trusted:0)
Jun 13 11:46:41 bruno-Aspire-A315-42G PackageKit: uid 1000 obtained auth for org.freedesktop.packagekit.system-sources-refresh
Jun 13 11:46:45 bruno-Aspire-A315-42G PackageKit: uid 1000 is trying to obtain org.freedesktop.packagekit.system-sources-refresh auth (only_trusted:0)
Jun 13 11:46:45 bruno-Aspire-A315-42G PackageKit: uid 1000 obtained auth for org.freedesktop.packagekit.system-sources-refresh
Jun 13 11:46:51 bruno-Aspire-A315-42G PackageKit: uid 1000 is trying to obtain org.freedesktop.packagekit.system-sources-refresh auth (only_trusted:0)
Jun 13 11:46:51 bruno-Aspire-A315-42G PackageKit: uid 1000 obtained auth for org.freedesktop.packagekit.system-sources-refresh
Jun 13 11:46:56 bruno-Aspire-A315-42G PackageKit: uid 1000 is trying to obtain org.freedesktop.packagekit.system-sources-refresh auth (only_trusted:0)
Jun 13 11:46:56 bruno-Aspire-A315-42G PackageKit: uid 1000 obtained auth for org.freedesktop.packagekit.system-sources-refresh
Jun 13 11:47:52 bruno-Aspire-A315-42G pkexec: pam_unix(polkit-1:session): session opened for user root(uid=0) by (uid=1000)
Jun 13 11:47:52 bruno-Aspire-A315-42G pkexec[71116]: bruno: Executing command [USER=root] [TTY=unknown] [CWD=/home/bruno] [COMMAND=/usr/lib/update-notifier/package-system-locked]
Jun 13 23:35:28 bruno-Aspire-A315-42G systemd-logind[1013]: Operation 'sleep' finished.
Jun 13 23:35:42 bruno-Aspire-A315-42G gdm-password]: gkr-pam: unlocked login keyring
Jun 14 00:10:26 bruno-Aspire-A315-42G gdm-password]: gkr-pam: unlocked login keyring
Jun 14 00:11:08 bruno-Aspire-A315-42G pkexec: pam_unix(polkit-1:session): session opened for user root(uid=0) by (uid=1000)
Jun 14 00:11:08 bruno-Aspire-A315-42G pkexec[79228]: bruno: Executing command [USER=root] [TTY=unknown] [CWD=/home/bruno] [COMMAND=/usr/lib/update-notifier/package-system-locked]
Jun 14 00:17:01 bruno-Aspire-A315-42G CRON[80122]: pam_unix(cron:session): session opened for user root(uid=0) by (uid=0)
Jun 14 00:17:02 bruno-Aspire-A315-42G CRON[80122]: pam_unix(cron:session): session closed for user root
Jun 14 00:44:28 bruno-Aspire-A315-42G gdm-password]: gkr-pam: unlocked login keyring
Jun 14 00:56:51 bruno-Aspire-A315-42G gnome-keyring-daemon[3263]: already attempted to use password from login keyring
Jun 14 01:17:01 bruno-Aspire-A315-42G CRON[85738]: pam_unix(cron:session): session opened for user root(uid=0) by (uid=0)
Jun 14 01:17:01 bruno-Aspire-A315-42G CRON[85738]: pam_unix(cron:session): session closed for user root
Jun 14 01:33:42 bruno-Aspire-A315-42G polkitd(authority=local): Unregistered Authentication Agent for unix-session:4 (system bus name :1.90, object path /org/freedesktop/PolicyKit1/AuthenticationAgent, locale en_US.UTF-8) (disconnected from bus)
Jun 14 01:33:56 bruno-Aspire-A315-42G polkitd(authority=local): Registered Authentication Agent for unix-session:4 (system bus name :1.811 [/usr/bin/gnome-shell], object path /org/freedesktop/PolicyKit1/AuthenticationAgent, locale en_US.UTF-8)
Jun 14 02:02:15 bruno-Aspire-A315-42G smbd: pam_unix(samba:session): session closed for user nobody
Jun 14 02:17:02 bruno-Aspire-A315-42G CRON[91671]: pam_unix(cron:session): session opened for user root(uid=0) by (uid=0)
Jun 14 02:17:02 bruno-Aspire-A315-42G CRON[91671]: pam_unix(cron:session): session closed for user root
Jun 14 02:33:36 bruno-Aspire-A315-42G smbd: pam_unix(samba:session): session closed for user nobody
Jun 14 02:33:47 bruno-Aspire-A315-42G smbd: pam_unix(samba:session): session closed for user nobody
Jun 14 02:52:28 bruno-Aspire-A315-42G polkitd(authority=local): Unregistered Authentication Agent for unix-session:4 (system bus name :1.811, object path /org/freedesktop/PolicyKit1/AuthenticationAgent, locale en_US.UTF-8) (disconnected from bus)
Jun 14 02:52:29 bruno-Aspire-A315-42G polkitd(authority=local): Registered Authentication Agent for unix-session:4 (system bus name :1.875 [/usr/bin/gnome-shell], object path /org/freedesktop/PolicyKit1/AuthenticationAgent, locale en_US.UTF-8)
Jun 14 03:10:01 bruno-Aspire-A315-42G CRON[98579]: pam_unix(cron:session): session opened for user root(uid=0) by (uid=0)
Jun 14 03:10:01 bruno-Aspire-A315-42G CRON[98579]: pam_unix(cron:session): session closed for user root
Jun 14 03:15:34 bruno-Aspire-A315-42G smbd: pam_unix(samba:session): session closed for user nobody
Jun 14 03:17:01 bruno-Aspire-A315-42G CRON[99996]: pam_unix(cron:session): session opened for user root(uid=0) by (uid=0)
Jun 14 03:17:01 bruno-Aspire-A315-42G CRON[99996]: pam_unix(cron:session): session closed for user root
Jun 14 03:25:51 bruno-Aspire-A315-42G smbd: pam_unix(samba:session): session closed for user nobody
Jun 14 04:17:01 bruno-Aspire-A315-42G CRON[111635]: pam_unix(cron:session): session opened for user root(uid=0) by (uid=0)
Jun 14 04:17:02 bruno-Aspire-A315-42G CRON[111635]: pam_unix(cron:session): session closed for user root
Jun 14 05:17:02 bruno-Aspire-A315-42G CRON[143085]: pam_unix(cron:session): session opened for user root(uid=0) by (uid=0)
Jun 14 05:17:02 bruno-Aspire-A315-42G CRON[143085]: pam_unix(cron:session): session closed for user root
Jun 14 05:24:43 bruno-Aspire-A315-42G gdm-password]: gkr-pam: unlocked login keyring
Jun 14 05:28:26 bruno-Aspire-A315-42G sudo:    bruno : TTY=pts/0 ; PWD=/home/bruno ; USER=root ; COMMAND=/usr/bin/apt-get update
Jun 14 05:28:26 bruno-Aspire-A315-42G sudo: pam_unix(sudo:session): session opened for user root(uid=0) by (uid=1000)
Jun 14 05:28:55 bruno-Aspire-A315-42G sudo: pam_unix(sudo:session): session closed for user root
Jun 14 05:28:56 bruno-Aspire-A315-42G sudo:    bruno : TTY=pts/0 ; PWD=/home/bruno ; USER=root ; COMMAND=/usr/bin/apt-get install python3-tk
Jun 14 05:28:56 bruno-Aspire-A315-42G sudo: pam_unix(sudo:session): session opened for user root(uid=0) by (uid=1000)
Jun 14 05:28:57 bruno-Aspire-A315-42G sudo: pam_unix(sudo:session): session closed for user root
Jun 14 05:29:08 bruno-Aspire-A315-42G pkexec: pam_unix(polkit-1:session): session opened for user root(uid=0) by (uid=1000)
Jun 14 05:29:08 bruno-Aspire-A315-42G pkexec[145073]: bruno: Executing command [USER=root] [TTY=unknown] [CWD=/home/bruno] [COMMAND=/usr/lib/update-notifier/package-system-locked]
Jun 14 05:30:43 bruno-Aspire-A315-42G sudo:    bruno : TTY=pts/0 ; PWD=/home/bruno ; USER=root ; COMMAND=/usr/bin/apt-get install imagemagick
Jun 14 05:30:43 bruno-Aspire-A315-42G sudo: pam_unix(sudo:session): session opened for user root(uid=0) by (uid=1000)
Jun 14 05:31:51 bruno-Aspire-A315-42G sudo: pam_unix(sudo:session): session closed for user root
Jun 14 05:32:07 bruno-Aspire-A315-42G pkexec: pam_unix(polkit-1:session): session opened for user root(uid=0) by (uid=1000)
Jun 14 05:32:07 bruno-Aspire-A315-42G pkexec[145799]: bruno: Executing command [USER=root] [TTY=unknown] [CWD=/home/bruno] [COMMAND=/usr/lib/update-notifier/package-system-locked]
Jun 14 05:37:47 bruno-Aspire-A315-42G sudo:    bruno : TTY=pts/0 ; PWD=/home/bruno ; USER=root ; COMMAND=/usr/bin/apt-get install python3-tk
Jun 14 05:37:47 bruno-Aspire-A315-42G sudo: pam_unix(sudo:session): session opened for user root(uid=0) by (uid=1000)
Jun 14 05:37:53 bruno-Aspire-A315-42G sudo: pam_unix(sudo:session): session closed for user root
Jun 14 05:38:32 bruno-Aspire-A315-42G sudo:    bruno : TTY=pts/0 ; PWD=/home/bruno ; USER=root ; COMMAND=/usr/bin/apt-get install python3-tk
Jun 14 05:38:32 bruno-Aspire-A315-42G sudo: pam_unix(sudo:session): session opened for user root(uid=0) by (uid=1000)
Jun 14 05:38:33 bruno-Aspire-A315-42G sudo: pam_unix(sudo:session): session closed for user root
Jun 14 05:53:12 bruno-Aspire-A315-42G pkexec: pam_unix(polkit-1:session): session opened for user root(uid=0) by (uid=1000)
Jun 14 05:53:12 bruno-Aspire-A315-42G pkexec[146868]: bruno: Executing command [USER=root] [TTY=unknown] [CWD=/home/bruno] [COMMAND=/usr/lib/update-notifier/package-system-locked]
Jun 14 06:17:01 bruno-Aspire-A315-42G CRON[147397]: pam_unix(cron:session): session opened for user root(uid=0) by (uid=0)
Jun 14 06:17:01 bruno-Aspire-A315-42G CRON[147397]: pam_unix(cron:session): session closed for user root
Jun 14 06:25:01 bruno-Aspire-A315-42G CRON[147696]: pam_unix(cron:session): session opened for user root(uid=0) by (uid=0)
Jun 14 06:25:01 bruno-Aspire-A315-42G CRON[147696]: pam_unix(cron:session): session closed for user root
Jun 14 06:41:07 bruno-Aspire-A315-42G pkexec: pam_unix(polkit-1:session): session opened for user root(uid=0) by (uid=1000)
Jun 14 06:41:07 bruno-Aspire-A315-42G pkexec[148648]: bruno: Executing command [USER=root] [TTY=unknown] [CWD=/home/bruno] [COMMAND=/usr/lib/update-notifier/package-system-locked]
Jun 14 07:17:01 bruno-Aspire-A315-42G CRON[149548]: pam_unix(cron:session): session opened for user root(uid=0) by (uid=0)
Jun 14 07:17:02 bruno-Aspire-A315-42G CRON[149548]: pam_unix(cron:session): session closed for user root
Jun 14 07:30:01 bruno-Aspire-A315-42G CRON[149884]: pam_unix(cron:session): session opened for user root(uid=0) by (uid=0)
Jun 14 07:30:01 bruno-Aspire-A315-42G CRON[149884]: pam_unix(cron:session): session closed for user root
Jun 14 09:08:54 bruno-Aspire-A315-42G systemd-logind[1013]: Operation 'sleep' finished.
Jun 14 09:08:58 bruno-Aspire-A315-42G gdm-password]: gkr-pam: unlocked login keyring
Jun 14 09:09:02 bruno-Aspire-A315-42G PackageKit: uid 1000 is trying to obtain org.freedesktop.packagekit.system-sources-refresh auth (only_trusted:0)
Jun 14 09:09:02 bruno-Aspire-A315-42G PackageKit: uid 1000 obtained auth for org.freedesktop.packagekit.system-sources-refresh
Jun 14 09:09:32 bruno-Aspire-A315-42G CRON[151668]: pam_unix(cron:session): session opened for user root(uid=0) by (uid=0)
Jun 14 09:09:32 bruno-Aspire-A315-42G CRON[151668]: pam_unix(cron:session): session closed for user root
Jun 14 09:09:53 bruno-Aspire-A315-42G polkitd(authority=local): Unregistered Authentication Agent for unix-session:4 (system bus name :1.875, object path /org/freedesktop/PolicyKit1/AuthenticationAgent, locale en_US.UTF-8) (disconnected from bus)
Jun 14 09:10:10 bruno-Aspire-A315-42G polkitd(authority=local): Registered Authentication Agent for unix-session:4 (system bus name :1.1023 [/usr/bin/gnome-shell], object path /org/freedesktop/PolicyKit1/AuthenticationAgent, locale en_US.UTF-8)
Jun 14 09:10:18 bruno-Aspire-A315-42G pkexec: pam_unix(polkit-1:session): session opened for user root(uid=0) by (uid=1000)
Jun 14 09:10:18 bruno-Aspire-A315-42G pkexec[152018]: bruno: Executing command [USER=root] [TTY=unknown] [CWD=/home/bruno] [COMMAND=/usr/lib/update-notifier/package-system-locked]
Jun 14 09:10:18 bruno-Aspire-A315-42G PackageKit: uid 1000 is trying to obtain org.freedesktop.packagekit.system-sources-refresh auth (only_trusted:0)
Jun 14 09:10:18 bruno-Aspire-A315-42G PackageKit: uid 1000 obtained auth for org.freedesktop.packagekit.system-sources-refresh
Jun 14 09:10:32 bruno-Aspire-A315-42G PackageKit: uid 1000 is trying to obtain org.freedesktop.packagekit.system-sources-refresh auth (only_trusted:0)
Jun 14 09:10:32 bruno-Aspire-A315-42G PackageKit: uid 1000 obtained auth for org.freedesktop.packagekit.system-sources-refresh
Jun 14 09:10:37 bruno-Aspire-A315-42G PackageKit: uid 1000 is trying to obtain org.freedesktop.packagekit.system-sources-refresh auth (only_trusted:0)
Jun 14 09:10:37 bruno-Aspire-A315-42G PackageKit: uid 1000 obtained auth for org.freedesktop.packagekit.system-sources-refresh
Jun 14 09:17:01 bruno-Aspire-A315-42G CRON[153460]: pam_unix(cron:session): session opened for user root(uid=0) by (uid=0)
Jun 14 09:17:01 bruno-Aspire-A315-42G CRON[153460]: pam_unix(cron:session): session closed for user root
Jun 14 09:24:47 bruno-Aspire-A315-42G pkexec: pam_unix(polkit-1:session): session opened for user root(uid=0) by (uid=1000)
Jun 14 09:24:47 bruno-Aspire-A315-42G pkexec[154765]: bruno: Executing command [USER=root] [TTY=unknown] [CWD=/home/bruno] [COMMAND=/usr/lib/update-notifier/package-system-locked]
Jun 14 09:30:01 bruno-Aspire-A315-42G CRON[155819]: pam_unix(cron:session): session opened for user root(uid=0) by (uid=0)
Jun 14 09:30:01 bruno-Aspire-A315-42G CRON[155819]: pam_unix(cron:session): session closed for user root
Jun 14 10:12:37 bruno-Aspire-A315-42G gdm-password]: gkr-pam: unlocked login keyring
Jun 14 10:17:02 bruno-Aspire-A315-42G CRON[160885]: pam_unix(cron:session): session opened for user root(uid=0) by (uid=0)
Jun 14 10:17:02 bruno-Aspire-A315-42G CRON[160885]: pam_unix(cron:session): session closed for user root
Jun 14 10:24:40 bruno-Aspire-A315-42G smbd: pam_unix(samba:session): session closed for user nobody
Jun 14 10:30:01 bruno-Aspire-A315-42G CRON[162096]: pam_unix(cron:session): session opened for user root(uid=0) by (uid=0)
Jun 14 10:30:01 bruno-Aspire-A315-42G CRON[162096]: pam_unix(cron:session): session closed for user root
Jun 14 11:13:08 bruno-Aspire-A315-42G polkitd(authority=local): Unregistered Authentication Agent for unix-session:4 (system bus name :1.1023, object path /org/freedesktop/PolicyKit1/AuthenticationAgent, locale en_US.UTF-8) (disconnected from bus)
Jun 14 11:13:19 bruno-Aspire-A315-42G polkitd(authority=local): Registered Authentication Agent for unix-session:4 (system bus name :1.1167 [/usr/bin/gnome-shell], object path /org/freedesktop/PolicyKit1/AuthenticationAgent, locale en_US.UTF-8)
Jun 14 11:16:37 bruno-Aspire-A315-42G polkitd(authority=local): Unregistered Authentication Agent for unix-session:4 (system bus name :1.1167, object path /org/freedesktop/PolicyKit1/AuthenticationAgent, locale en_US.UTF-8) (disconnected from bus)
Jun 14 11:16:39 bruno-Aspire-A315-42G polkitd(authority=local): Registered Authentication Agent for unix-session:4 (system bus name :1.1171 [/usr/bin/gnome-shell], object path /org/freedesktop/PolicyKit1/AuthenticationAgent, locale en_US.UTF-8)
Jun 14 11:17:01 bruno-Aspire-A315-42G CRON[167382]: pam_unix(cron:session): session opened for user root(uid=0) by (uid=0)
Jun 14 11:17:01 bruno-Aspire-A315-42G CRON[167382]: pam_unix(cron:session): session closed for user root
Jun 14 11:30:01 bruno-Aspire-A315-42G CRON[168815]: pam_unix(cron:session): session opened for user root(uid=0) by (uid=0)
Jun 14 11:30:01 bruno-Aspire-A315-42G CRON[168815]: pam_unix(cron:session): session closed for user root
Jun 14 11:32:31 bruno-Aspire-A315-42G sudo:    bruno : TTY=pts/0 ; PWD=/home/bruno/Documents/git/learning/not python/C-C#-C++/C ; USER=root ; COMMAND=/usr/bin/chmod +x myscript.sh
Jun 14 11:32:31 bruno-Aspire-A315-42G sudo: pam_unix(sudo:session): session opened for user root(uid=0) by (uid=1000)
Jun 14 11:32:31 bruno-Aspire-A315-42G sudo: pam_unix(sudo:session): session closed for user root
Jun 14 12:17:01 bruno-Aspire-A315-42G CRON[173135]: pam_unix(cron:session): session opened for user root(uid=0) by (uid=0)
Jun 14 12:17:01 bruno-Aspire-A315-42G CRON[173135]: pam_unix(cron:session): session closed for user root
Jun 14 12:18:01 bruno-Aspire-A315-42G polkitd(authority=local): Unregistered Authentication Agent for unix-session:4 (system bus name :1.1171, object path /org/freedesktop/PolicyKit1/AuthenticationAgent, locale en_US.UTF-8) (disconnected from bus)
Jun 14 12:18:21 bruno-Aspire-A315-42G polkitd(authority=local): Registered Authentication Agent for unix-session:4 (system bus name :1.1224 [/usr/bin/gnome-shell], object path /org/freedesktop/PolicyKit1/AuthenticationAgent, locale en_US.UTF-8)
Jun 14 12:30:01 bruno-Aspire-A315-42G CRON[174956]: pam_unix(cron:session): session opened for user root(uid=0) by (uid=0)
Jun 14 12:30:01 bruno-Aspire-A315-42G CRON[174956]: pam_unix(cron:session): session closed for user root
Jun 14 12:34:26 bruno-Aspire-A315-42G sudo: pam_unix(sudo:auth): authentication failure; logname= uid=1000 euid=0 tty=/dev/pts/0 ruser=bruno rhost=  user=bruno
Jun 14 12:34:31 bruno-Aspire-A315-42G sudo:    bruno : TTY=pts/0 ; PWD=/home/bruno/Documents/git/learning ; USER=root ; COMMAND=/usr/bin/chmod -x mysript.sh
Jun 14 12:34:31 bruno-Aspire-A315-42G sudo: pam_unix(sudo:session): session opened for user root(uid=0) by (uid=1000)
Jun 14 12:34:31 bruno-Aspire-A315-42G sudo: pam_unix(sudo:session): session closed for user root
Jun 14 12:36:51 bruno-Aspire-A315-42G sudo:    bruno : TTY=pts/0 ; PWD=/home/bruno/Documents/git/learning ; USER=root ; COMMAND=/usr/bin/chmod -x mysript.sh
Jun 14 12:36:51 bruno-Aspire-A315-42G sudo: pam_unix(sudo:session): session opened for user root(uid=0) by (uid=1000)
Jun 14 12:36:51 bruno-Aspire-A315-42G sudo: pam_unix(sudo:session): session closed for user root
Jun 14 12:38:54 bruno-Aspire-A315-42G sudo:    bruno : TTY=pts/0 ; PWD=/home/bruno/Documents/git/learning/not python ; USER=root ; COMMAND=/usr/bin/chmod -x myscript.sh
Jun 14 12:38:54 bruno-Aspire-A315-42G sudo: pam_unix(sudo:session): session opened for user root(uid=0) by (uid=1000)
Jun 14 12:38:54 bruno-Aspire-A315-42G sudo: pam_unix(sudo:session): session closed for user root
Jun 14 12:39:45 bruno-Aspire-A315-42G sudo:    bruno : TTY=pts/0 ; PWD=/home/bruno/Documents/git/learning/not python ; USER=root ; COMMAND=/usr/bin/chmod +x myscript.sh
Jun 14 12:39:45 bruno-Aspire-A315-42G sudo: pam_unix(sudo:session): session opened for user root(uid=0) by (uid=1000)
Jun 14 12:39:45 bruno-Aspire-A315-42G sudo: pam_unix(sudo:session): session closed for user root
Jun 14 13:11:28 bruno-Aspire-A315-42G gdm-password]: gkr-pam: unlocked login keyring
Jun 14 13:14:13 bruno-Aspire-A315-42G sudo:    bruno : TTY=pts/0 ; PWD=/home/bruno/Documents/git/learning/not python ; USER=root ; COMMAND=/usr/bin/apt update
Jun 14 13:14:13 bruno-Aspire-A315-42G sudo: pam_unix(sudo:session): session opened for user root(uid=0) by (uid=1000)
Jun 14 13:14:57 bruno-Aspire-A315-42G sudo: pam_unix(sudo:session): session closed for user root
Jun 14 13:14:57 bruno-Aspire-A315-42G sudo:    bruno : TTY=pts/0 ; PWD=/home/bruno/Documents/git/learning/not python ; USER=root ; COMMAND=/usr/bin/apt install -y htop
Jun 14 13:14:57 bruno-Aspire-A315-42G sudo: pam_unix(sudo:session): session opened for user root(uid=0) by (uid=1000)
Jun 14 13:15:44 bruno-Aspire-A315-42G sudo: pam_unix(sudo:session): session closed for user root
Jun 14 13:15:44 bruno-Aspire-A315-42G pkexec: pam_unix(polkit-1:session): session opened for user root(uid=0) by (uid=1000)
Jun 14 13:15:44 bruno-Aspire-A315-42G pkexec[178432]: bruno: Executing command [USER=root] [TTY=unknown] [CWD=/home/bruno] [COMMAND=/usr/lib/update-notifier/package-system-locked]
Jun 14 13:17:01 bruno-Aspire-A315-42G CRON[178500]: pam_unix(cron:session): session opened for user root(uid=0) by (uid=0)
Jun 14 13:17:01 bruno-Aspire-A315-42G CRON[178500]: pam_unix(cron:session): session closed for user root
Jun 14 13:18:38 bruno-Aspire-A315-42G pkexec: pam_unix(polkit-1:session): session opened for user root(uid=0) by (uid=1000)
Jun 14 13:18:38 bruno-Aspire-A315-42G pkexec[178611]: bruno: Executing command [USER=root] [TTY=unknown] [CWD=/home/bruno] [COMMAND=/usr/lib/update-notifier/package-system-locked]
Jun 14 13:30:01 bruno-Aspire-A315-42G CRON[179530]: pam_unix(cron:session): session opened for user root(uid=0) by (uid=0)
Jun 14 13:30:01 bruno-Aspire-A315-42G CRON[179530]: pam_unix(cron:session): session closed for user root
Jun 14 13:59:30 bruno-Aspire-A315-42G gdm-password]: gkr-pam: unlocked login keyring
Jun 14 13:59:44 bruno-Aspire-A315-42G gdm-password]: pam_unix(gdm-password:auth): authentication failure; logname= uid=0 euid=0 tty=/dev/tty1 ruser= rhost=  user=bruno
Jun 14 13:59:48 bruno-Aspire-A315-42G gdm-password]: pam_unix(gdm-password:auth): authentication failure; logname= uid=0 euid=0 tty=/dev/tty1 ruser= rhost=  user=bruno
Jun 14 13:59:52 bruno-Aspire-A315-42G gdm-password]: gkr-pam: unlocked login keyring
Jun 14 14:08:50 bruno-Aspire-A315-42G gdm-password]: gkr-pam: unlocked login keyring
Jun 14 14:17:01 bruno-Aspire-A315-42G CRON[184373]: pam_unix(cron:session): session opened for user root(uid=0) by (uid=0)
Jun 14 14:17:01 bruno-Aspire-A315-42G CRON[184373]: pam_unix(cron:session): session closed for user root
Jun 14 14:30:01 bruno-Aspire-A315-42G CRON[185332]: pam_unix(cron:session): session opened for user root(uid=0) by (uid=0)
Jun 14 14:30:01 bruno-Aspire-A315-42G CRON[185332]: pam_unix(cron:session): session closed for user root
Jun 14 14:32:36 bruno-Aspire-A315-42G sudo:    bruno : TTY=pts/0 ; PWD=/home/bruno/Documents/git/learning/not python ; USER=root ; COMMAND=/usr/bin/apt install htop
Jun 14 14:32:36 bruno-Aspire-A315-42G sudo: pam_unix(sudo:session): session opened for user root(uid=0) by (uid=1000)
Jun 14 14:32:40 bruno-Aspire-A315-42G sudo: pam_unix(sudo:session): session closed for user root
Jun 14 14:32:59 bruno-Aspire-A315-42G sudo:    bruno : TTY=pts/0 ; PWD=/home/bruno/Documents/git/learning/not python ; USER=root ; COMMAND=/usr/bin/apt remove htop
Jun 14 14:32:59 bruno-Aspire-A315-42G sudo: pam_unix(sudo:session): session opened for user root(uid=0) by (uid=1000)
Jun 14 14:33:51 bruno-Aspire-A315-42G sudo: pam_unix(sudo:session): session closed for user root
Jun 14 14:33:53 bruno-Aspire-A315-42G sudo:    bruno : TTY=pts/0 ; PWD=/home/bruno/Documents/git/learning/not python ; USER=root ; COMMAND=/usr/bin/apt install htop
Jun 14 14:33:53 bruno-Aspire-A315-42G sudo: pam_unix(sudo:session): session opened for user root(uid=0) by (uid=1000)
Jun 14 14:34:07 bruno-Aspire-A315-42G sudo: pam_unix(sudo:session): session closed for user root
Jun 14 14:34:36 bruno-Aspire-A315-42G sudo:    bruno : TTY=pts/0 ; PWD=/home/bruno/Documents/git/learning/not python ; USER=root ; COMMAND=/usr/bin/apt install bumshacala
Jun 14 14:34:36 bruno-Aspire-A315-42G sudo: pam_unix(sudo:session): session opened for user root(uid=0) by (uid=1000)
Jun 14 14:34:37 bruno-Aspire-A315-42G sudo: pam_unix(sudo:session): session closed for user root
Jun 14 14:36:38 bruno-Aspire-A315-42G pkexec: pam_unix(polkit-1:session): session opened for user root(uid=0) by (uid=1000)
Jun 14 14:36:38 bruno-Aspire-A315-42G pkexec[186450]: bruno: Executing command [USER=root] [TTY=unknown] [CWD=/home/bruno] [COMMAND=/usr/lib/update-notifier/package-system-locked]
Jun 14 14:39:05 bruno-Aspire-A315-42G sudo:    bruno : TTY=pts/0 ; PWD=/home/bruno/Documents/git/learning/not python ; USER=root ; COMMAND=/usr/bin/apt install htop
Jun 14 14:39:05 bruno-Aspire-A315-42G sudo: pam_unix(sudo:session): session opened for user root(uid=0) by (uid=1000)
Jun 14 14:39:06 bruno-Aspire-A315-42G sudo: pam_unix(sudo:session): session closed for user root
Jun 14 14:40:55 bruno-Aspire-A315-42G sudo:    bruno : TTY=pts/0 ; PWD=/home/bruno/Documents/git/learning/not python ; USER=root ; COMMAND=/usr/bin/apt install ldkamsdlka
Jun 14 14:40:55 bruno-Aspire-A315-42G sudo: pam_unix(sudo:session): session opened for user root(uid=0) by (uid=1000)
Jun 14 14:40:56 bruno-Aspire-A315-42G sudo: pam_unix(sudo:session): session closed for user root
Jun 14 14:41:53 bruno-Aspire-A315-42G sudo:    bruno : TTY=pts/0 ; PWD=/home/bruno/Documents/git/learning/not python ; USER=root ; COMMAND=/usr/bin/apt install ldkamsdlka
Jun 14 14:41:53 bruno-Aspire-A315-42G sudo: pam_unix(sudo:session): session opened for user root(uid=0) by (uid=1000)
Jun 14 14:41:54 bruno-Aspire-A315-42G sudo: pam_unix(sudo:session): session closed for user root
Jun 14 14:43:41 bruno-Aspire-A315-42G sudo:    bruno : TTY=pts/0 ; PWD=/home/bruno/Documents/git/learning/not python ; USER=root ; COMMAND=/usr/bin/apt install ldkamsdlka
Jun 14 14:43:41 bruno-Aspire-A315-42G sudo: pam_unix(sudo:session): session opened for user root(uid=0) by (uid=1000)
Jun 14 14:43:42 bruno-Aspire-A315-42G sudo: pam_unix(sudo:session): session closed for user root
Jun 14 14:45:10 bruno-Aspire-A315-42G sudo:    bruno : TTY=pts/0 ; PWD=/home/bruno/Documents/git/learning/not python ; USER=root ; COMMAND=/usr/bin/apt remove htop
Jun 14 14:45:10 bruno-Aspire-A315-42G sudo: pam_unix(sudo:session): session opened for user root(uid=0) by (uid=1000)
Jun 14 14:45:22 bruno-Aspire-A315-42G sudo: pam_unix(sudo:session): session closed for user root
Jun 14 14:45:27 bruno-Aspire-A315-42G sudo:    bruno : TTY=pts/0 ; PWD=/home/bruno/Documents/git/learning/not python ; USER=root ; COMMAND=/usr/bin/apt install ldkamsdlka
Jun 14 14:45:27 bruno-Aspire-A315-42G sudo: pam_unix(sudo:session): session opened for user root(uid=0) by (uid=1000)
Jun 14 14:45:28 bruno-Aspire-A315-42G sudo: pam_unix(sudo:session): session closed for user root
Jun 14 14:45:38 bruno-Aspire-A315-42G pkexec: pam_unix(polkit-1:session): session opened for user root(uid=0) by (uid=1000)
Jun 14 14:45:38 bruno-Aspire-A315-42G pkexec[187594]: bruno: Executing command [USER=root] [TTY=unknown] [CWD=/home/bruno] [COMMAND=/usr/lib/update-notifier/package-system-locked]
Jun 14 14:45:50 bruno-Aspire-A315-42G sudo:    bruno : TTY=pts/0 ; PWD=/home/bruno/Documents/git/learning/not python ; USER=root ; COMMAND=/usr/bin/apt install htop
Jun 14 14:45:50 bruno-Aspire-A315-42G sudo: pam_unix(sudo:session): session opened for user root(uid=0) by (uid=1000)
Jun 14 14:46:00 bruno-Aspire-A315-42G sudo: pam_unix(sudo:session): session closed for user root
Jun 14 14:46:56 bruno-Aspire-A315-42G sudo:    bruno : TTY=pts/0 ; PWD=/home/bruno/Documents/git/learning/not python ; USER=root ; COMMAND=/usr/bin/apt install htop
Jun 14 14:46:56 bruno-Aspire-A315-42G sudo: pam_unix(sudo:session): session opened for user root(uid=0) by (uid=1000)
Jun 14 14:46:57 bruno-Aspire-A315-42G sudo: pam_unix(sudo:session): session closed for user root
Jun 14 14:48:38 bruno-Aspire-A315-42G pkexec: pam_unix(polkit-1:session): session opened for user root(uid=0) by (uid=1000)
Jun 14 14:48:38 bruno-Aspire-A315-42G pkexec[188180]: bruno: Executing command [USER=root] [TTY=unknown] [CWD=/home/bruno] [COMMAND=/usr/lib/update-notifier/package-system-locked]
Jun 14 15:17:01 bruno-Aspire-A315-42G CRON[194698]: pam_unix(cron:session): session opened for user root(uid=0) by (uid=0)
Jun 14 15:17:01 bruno-Aspire-A315-42G CRON[194698]: pam_unix(cron:session): session closed for user root
Jun 14 15:25:03 bruno-Aspire-A315-42G sudo:    bruno : TTY=pts/0 ; PWD=/home/bruno/Documents/git/learning/not python/shell-scripting ; USER=root ; COMMAND=/usr/bin/apt update
Jun 14 15:25:03 bruno-Aspire-A315-42G sudo: pam_unix(sudo:session): session opened for user root(uid=0) by (uid=1000)
Jun 14 15:25:26 bruno-Aspire-A315-42G sudo: pam_unix(sudo:session): session closed for user root
Jun 14 15:25:26 bruno-Aspire-A315-42G sudo:    bruno : TTY=pts/0 ; PWD=/home/bruno/Documents/git/learning/not python/shell-scripting ; USER=root ; COMMAND=/usr/bin/apt dist-upgrade
Jun 14 15:25:26 bruno-Aspire-A315-42G sudo: pam_unix(sudo:session): session opened for user root(uid=0) by (uid=1000)
Jun 14 15:27:38 bruno-Aspire-A315-42G pkexec: pam_unix(polkit-1:session): session opened for user root(uid=0) by (uid=1000)
Jun 14 15:27:38 bruno-Aspire-A315-42G pkexec[196402]: bruno: Executing command [USER=root] [TTY=unknown] [CWD=/home/bruno] [COMMAND=/usr/lib/update-notifier/package-system-locked]
Jun 14 15:28:36 bruno-Aspire-A315-42G polkitd(authority=local): Unregistered Authentication Agent for unix-session:4 (system bus name :1.1224, object path /org/freedesktop/PolicyKit1/AuthenticationAgent, locale en_US.UTF-8) (disconnected from bus)
Jun 14 15:28:55 bruno-Aspire-A315-42G polkitd(authority=local): Registered Authentication Agent for unix-session:4 (system bus name :1.1418 [/usr/bin/gnome-shell], object path /org/freedesktop/PolicyKit1/AuthenticationAgent, locale en_US.UTF-8)
Jun 14 15:30:01 bruno-Aspire-A315-42G CRON[197583]: pam_unix(cron:session): session opened for user root(uid=0) by (uid=0)
Jun 14 15:30:01 bruno-Aspire-A315-42G CRON[197583]: pam_unix(cron:session): session closed for user root
Jun 14 15:34:52 bruno-Aspire-A315-42G sudo: pam_unix(sudo:session): session closed for user root
Jun 14 15:34:52 bruno-Aspire-A315-42G sudo:    bruno : TTY=pts/0 ; PWD=/home/bruno/Documents/git/learning/not python/shell-scripting ; USER=root ; COMMAND=/usr/bin/apt update
Jun 14 15:34:52 bruno-Aspire-A315-42G sudo: pam_unix(sudo:session): session opened for user root(uid=0) by (uid=1000)
Jun 14 15:35:20 bruno-Aspire-A315-42G sudo: pam_unix(sudo:session): session closed for user root
Jun 14 15:35:21 bruno-Aspire-A315-42G sudo:    bruno : TTY=pts/0 ; PWD=/home/bruno/Documents/git/learning/not python/shell-scripting ; USER=root ; COMMAND=/usr/bin/apt dist-upgrade
Jun 14 15:35:21 bruno-Aspire-A315-42G sudo: pam_unix(sudo:session): session opened for user root(uid=0) by (uid=1000)
Jun 14 15:36:43 bruno-Aspire-A315-42G pkexec: pam_unix(polkit-1:session): session opened for user root(uid=0) by (uid=1000)
Jun 14 15:36:43 bruno-Aspire-A315-42G pkexec[199480]: bruno: Executing command [USER=root] [TTY=unknown] [CWD=/home/bruno] [COMMAND=/usr/lib/update-notifier/package-system-locked]
